node.exe : gyp info it worked if it ends with ok
At line:1 char:1
+ & "C:\Program Files\nodejs/node.exe" "C:\Users\DELL\npm-global/node_m ...
+ ~~~~~~~~~~~~~~~~~~~~~~~~~~~~~~~~~~~~~~~~~~~~~~~~~~~~~~~~~~~~~~~~~~~~~
    + CategoryInfo          : NotSpecified: (gyp info it worked if it ends with ok:String) [], RemoteException
    + FullyQualifiedErrorId : NativeCommandError
 
gyp info using node-gyp@12.3.0
gyp info using node@24.15.0 | win32 | x64
(node:4808) [DEP0190] DeprecationWarning: Passing args to a child process with shell option true can lead to security 
vulnerabilities, as the arguments are not escaped, only concatenated.
(Use `node --trace-deprecation ...` to show where the warning was created)
gyp info find Python using Python version 3.10.10 found at 
"C:\Users\DELL\AppData\Local\Programs\Python\Python310\python.exe"

gyp ERR! find VS 
gyp ERR! find VS --msvs_version was not set on the command line
gyp ERR! find VS VCINSTALLDIR not set, not running in VS Command Prompt
gyp ERR! find VS could not use PowerShell to find Visual Studio 2017 or newer, try re-running with '--loglevel silly' 
for more details.
gyp ERR! find VS 
gyp ERR! find VS Failure details: undefined
gyp ERR! find VS could not use PowerShell to find Visual Studio 2017 or newer, try re-running with '--loglevel silly' 
for more details.
gyp ERR! find VS 
gyp ERR! find VS Failure details: undefined
gyp ERR! find VS not looking for VS2017 as it is only supported up to Node.js 21
gyp ERR! find VS not looking for VS2017 as it is only supported up to Node.js 21
gyp ERR! find VS not looking for VS2017 as it is only supported up to Node.js 21
gyp ERR! find VS not looking for VS2015 as it is only supported up to Node.js 18
gyp ERR! find VS not looking for VS2013 as it is only supported up to Node.js 8
gyp ERR! find VS 
gyp ERR! find VS **************************************************************
gyp ERR! find VS You need to install the latest version of Visual Studio
gyp ERR! find VS including the "Desktop development with C++" workload.
gyp ERR! find VS For more information consult the documentation at:
gyp ERR! find VS https://github.com/nodejs/node-gyp#on-windows
gyp ERR! find VS **************************************************************
gyp ERR! find VS 
gyp ERR! configure error 
gyp ERR! stack Error: Could not find any Visual Studio installation to use
gyp ERR! stack at VisualStudioFinder.fail (D:\Anh_Nhan\EN-HCNetSDKV6.1.9.4_build20220412_linux64\EN-HCNetSDKV6.1.9.4_bu
ild20220412_linux64\TitSmart_Windows\TitSmartDashboardBackend\node_modules\node-gyp\lib\find-visualstudio.js:118:11)
gyp ERR! stack at VisualStudioFinder.findVisualStudio (D:\Anh_Nhan\EN-HCNetSDKV6.1.9.4_build20220412_linux64\EN-HCNetSD
KV6.1.9.4_build20220412_linux64\TitSmart_Windows\TitSmartDashboardBackend\node_modules\node-gyp\lib\find-visualstudio.j
s:74:17)
gyp ERR! stack at process.processTicksAndRejections (node:internal/process/task_queues:104:5)
gyp ERR! stack at async createBuildDir (D:\Anh_Nhan\EN-HCNetSDKV6.1.9.4_build20220412_linux64\EN-HCNetSDKV6.1.9.4_build
20220412_linux64\TitSmart_Windows\TitSmartDashboardBackend\node_modules\node-gyp\lib\configure.js:112:18)
gyp ERR! stack at async run (D:\Anh_Nhan\EN-HCNetSDKV6.1.9.4_build20220412_linux64\EN-HCNetSDKV6.1.9.4_build20220412_li
nux64\TitSmart_Windows\TitSmartDashboardBackend\node_modules\node-gyp\bin\node-gyp.js:81:18)
gyp ERR! System Windows_NT 10.0.26200
gyp ERR! command "C:\\Program Files\\nodejs\\node.exe" "D:\\Anh_Nhan\\EN-HCNetSDKV6.1.9.4_build20220412_linux64\\EN-HCN
etSDKV6.1.9.4_build20220412_linux64\\TitSmart_Windows\\TitSmartDashboardBackend\\node_modules\\node-gyp\\bin\\node-gyp.
js" "rebuild"
gyp ERR! cwd D:\Anh_Nhan\EN-HCNetSDKV6.1.9.4_build20220412_linux64\EN-HCNetSDKV6.1.9.4_build20220412_linux64\TitSmart_W
indows\TitSmartDashboardBackend
gyp ERR! node -v v24.15.0
gyp ERR! node-gyp -v v12.3.0
gyp ERR! $npm_package_name titsmartdashboardbackend
gyp ERR! $npm_package_version 1.0.0
gyp ERR! not ok 
